running egg_info
creating ../../build/coppeliasim_ros2_tools/coppeliasim_ros2_tools.egg-info
writing ../../build/coppeliasim_ros2_tools/coppeliasim_ros2_tools.egg-info/PKG-INFO
writing dependency_links to ../../build/coppeliasim_ros2_tools/coppeliasim_ros2_tools.egg-info/dependency_links.txt
writing entry points to ../../build/coppeliasim_ros2_tools/coppeliasim_ros2_tools.egg-info/entry_points.txt
writing requirements to ../../build/coppeliasim_ros2_tools/coppeliasim_ros2_tools.egg-info/requires.txt
writing top-level names to ../../build/coppeliasim_ros2_tools/coppeliasim_ros2_tools.egg-info/top_level.txt
writing manifest file '../../build/coppeliasim_ros2_tools/coppeliasim_ros2_tools.egg-info/SOURCES.txt'
reading manifest file '../../build/coppeliasim_ros2_tools/coppeliasim_ros2_tools.egg-info/SOURCES.txt'
writing manifest file '../../build/coppeliasim_ros2_tools/coppeliasim_ros2_tools.egg-info/SOURCES.txt'
running build
running build_py
creating /home/clara/Desktop/simu/proket/car-melide/ROS2/ws/build/coppeliasim_ros2_tools/build
creating /home/clara/Desktop/simu/proket/car-melide/ROS2/ws/build/coppeliasim_ros2_tools/build/lib
creating /home/clara/Desktop/simu/proket/car-melide/ROS2/ws/build/coppeliasim_ros2_tools/build/lib/coppeliasim_ros2_tools
copying coppeliasim_ros2_tools/coppeliasim_ros2_interface.py -> /home/clara/Desktop/simu/proket/car-melide/ROS2/ws/build/coppeliasim_ros2_tools/build/lib/coppeliasim_ros2_tools
copying coppeliasim_ros2_tools/__init__.py -> /home/clara/Desktop/simu/proket/car-melide/ROS2/ws/build/coppeliasim_ros2_tools/build/lib/coppeliasim_ros2_tools
running install
running install_lib
creating /home/clara/Desktop/simu/proket/car-melide/ROS2/ws/install/coppeliasim_ros2_tools/lib/python3.8/site-packages/coppeliasim_ros2_tools
copying /home/clara/Desktop/simu/proket/car-melide/ROS2/ws/build/coppeliasim_ros2_tools/build/lib/coppeliasim_ros2_tools/coppeliasim_ros2_interface.py -> /home/clara/Desktop/simu/proket/car-melide/ROS2/ws/install/coppeliasim_ros2_tools/lib/python3.8/site-packages/coppeliasim_ros2_tools
copying /home/clara/Desktop/simu/proket/car-melide/ROS2/ws/build/coppeliasim_ros2_tools/build/lib/coppeliasim_ros2_tools/__init__.py -> /home/clara/Desktop/simu/proket/car-melide/ROS2/ws/install/coppeliasim_ros2_tools/lib/python3.8/site-packages/coppeliasim_ros2_tools
byte-compiling /home/clara/Desktop/simu/proket/car-melide/ROS2/ws/install/coppeliasim_ros2_tools/lib/python3.8/site-packages/coppeliasim_ros2_tools/coppeliasim_ros2_interface.py to coppeliasim_ros2_interface.cpython-38.pyc
byte-compiling /home/clara/Desktop/simu/proket/car-melide/ROS2/ws/install/coppeliasim_ros2_tools/lib/python3.8/site-packages/coppeliasim_ros2_tools/__init__.py to __init__.cpython-38.pyc
running install_data
creating /home/clara/Desktop/simu/proket/car-melide/ROS2/ws/install/coppeliasim_ros2_tools/share/ament_index
creating /home/clara/Desktop/simu/proket/car-melide/ROS2/ws/install/coppeliasim_ros2_tools/share/ament_index/resource_index
creating /home/clara/Desktop/simu/proket/car-melide/ROS2/ws/install/coppeliasim_ros2_tools/share/ament_index/resource_index/packages
copying resource/coppeliasim_ros2_tools -> /home/clara/Desktop/simu/proket/car-melide/ROS2/ws/install/coppeliasim_ros2_tools/share/ament_index/resource_index/packages
copying package.xml -> /home/clara/Desktop/simu/proket/car-melide/ROS2/ws/install/coppeliasim_ros2_tools/share/coppeliasim_ros2_tools
running install_egg_info
Copying ../../build/coppeliasim_ros2_tools/coppeliasim_ros2_tools.egg-info to /home/clara/Desktop/simu/proket/car-melide/ROS2/ws/install/coppeliasim_ros2_tools/lib/python3.8/site-packages/coppeliasim_ros2_tools-0.0.0-py3.8.egg-info
running install_scripts
Installing coppeliasim_ros2_interface script to /home/clara/Desktop/simu/proket/car-melide/ROS2/ws/install/coppeliasim_ros2_tools/lib/coppeliasim_ros2_tools
writing list of installed files to '/home/clara/Desktop/simu/proket/car-melide/ROS2/ws/build/coppeliasim_ros2_tools/install.log'
